Performing C SOURCE FILE Test CMAKE_HAVE_LIBC_PTHREAD failed with the following output:
Change Dir: /home/domenico/DART/build/CMakeFiles/CMakeTmp

Run Build Command(s):/usr/bin/make cmTC_d553e/fast && /usr/bin/make -f CMakeFiles/cmTC_d553e.dir/build.make CMakeFiles/cmTC_d553e.dir/build
make[1]: ingresso nella directory «/home/domenico/DART/build/CMakeFiles/CMakeTmp»
Building C object CMakeFiles/cmTC_d553e.dir/src.c.o
/usr/bin/cc   -DCMAKE_HAVE_LIBC_PTHREAD   -o CMakeFiles/cmTC_d553e.dir/src.c.o   -c /home/domenico/DART/build/CMakeFiles/CMakeTmp/src.c
Linking C executable cmTC_d553e
/usr/bin/cmake -E cmake_link_script CMakeFiles/cmTC_d553e.dir/link.txt --verbose=1
/usr/bin/cc  -DCMAKE_HAVE_LIBC_PTHREAD    -rdynamic CMakeFiles/cmTC_d553e.dir/src.c.o  -o cmTC_d553e 
/usr/bin/ld: CMakeFiles/cmTC_d553e.dir/src.c.o: in function `main':
src.c:(.text+0x46): undefined reference to `pthread_create'
/usr/bin/ld: src.c:(.text+0x52): undefined reference to `pthread_detach'
/usr/bin/ld: src.c:(.text+0x63): undefined reference to `pthread_join'
collect2: error: ld returned 1 exit status
make[1]: *** [CMakeFiles/cmTC_d553e.dir/build.make:87: cmTC_d553e] Errore 1
make[1]: uscita dalla directory «/home/domenico/DART/build/CMakeFiles/CMakeTmp»
make: *** [Makefile:121: cmTC_d553e/fast] Errore 2


Source file was:
#include <pthread.h>

void* test_func(void* data)
{
  return data;
}

int main(void)
{
  pthread_t thread;
  pthread_create(&thread, NULL, test_func, NULL);
  pthread_detach(thread);
  pthread_join(thread, NULL);
  pthread_atfork(NULL, NULL, NULL);
  pthread_exit(NULL);

  return 0;
}

Determining if the function pthread_create exists in the pthreads failed with the following output:
Change Dir: /home/domenico/DART/build/CMakeFiles/CMakeTmp

Run Build Command(s):/usr/bin/make cmTC_2f922/fast && /usr/bin/make -f CMakeFiles/cmTC_2f922.dir/build.make CMakeFiles/cmTC_2f922.dir/build
make[1]: ingresso nella directory «/home/domenico/DART/build/CMakeFiles/CMakeTmp»
Building C object CMakeFiles/cmTC_2f922.dir/CheckFunctionExists.c.o
/usr/bin/cc   -DCHECK_FUNCTION_EXISTS=pthread_create   -o CMakeFiles/cmTC_2f922.dir/CheckFunctionExists.c.o   -c /usr/share/cmake-3.16/Modules/CheckFunctionExists.c
Linking C executable cmTC_2f922
/usr/bin/cmake -E cmake_link_script CMakeFiles/cmTC_2f922.dir/link.txt --verbose=1
/usr/bin/cc  -DCHECK_FUNCTION_EXISTS=pthread_create    -rdynamic CMakeFiles/cmTC_2f922.dir/CheckFunctionExists.c.o  -o cmTC_2f922  -lpthreads 
/usr/bin/ld: impossibile trovare -lpthreads
collect2: error: ld returned 1 exit status
make[1]: *** [CMakeFiles/cmTC_2f922.dir/build.make:87: cmTC_2f922] Errore 1
make[1]: uscita dalla directory «/home/domenico/DART/build/CMakeFiles/CMakeTmp»
make: *** [Makefile:121: cmTC_2f922/fast] Errore 2



